<?xml version="1.0" encoding="UTF-8"?>
<testsuite name="algorithm.catAndAMouse.CatAndAMouseTest" tests="1" skipped="0" failures="0" errors="0" timestamp="2020-01-29T15:50:32" hostname="DESKTOP-OC8LSNM" time="0.011">
  <properties/>
  <testcase name="catAndAMouseTest" classname="algorithm.catAndAMouse.CatAndAMouseTest" time="0.011"/>
  <system-out><![CDATA[]]></system-out>
  <system-err><![CDATA[]]></system-err>
</testsuite>
