<?xml version="1.0" encoding="UTF-8"?>
<testsuite name="algorithm.kangaroo.KangarooTest" tests="1" skipped="0" failures="0" errors="0" timestamp="2020-01-07T14:51:03" hostname="DESKTOP-OC8LSNM" time="0.003">
  <properties/>
  <testcase name="kangarooTest" classname="algorithm.kangaroo.KangarooTest" time="0.003"/>
  <system-out><![CDATA[]]></system-out>
  <system-err><![CDATA[]]></system-err>
</testsuite>
