<?xml version="1.0" encoding="UTF-8"?>
<testsuite name="algorithm.circularArrayRotationTest.CircularArrayRotationTest" tests="1" skipped="0" failures="0" errors="0" timestamp="2020-02-05T21:52:06" hostname="DESKTOP-OC8LSNM" time="0.009">
  <properties/>
  <testcase name="circularArrayRotationTest" classname="algorithm.circularArrayRotationTest.CircularArrayRotationTest" time="0.009"/>
  <system-out><![CDATA[]]></system-out>
  <system-err><![CDATA[]]></system-err>
</testsuite>
